<?xml version="1.0" encoding="UTF-8"?>
<!-- Generated by org.testng.reporters.JUnitReportReporter -->
<testsuite hostname="QT-INBG-LT0222" failures="0" tests="4" name="SignInScript" time="50.132" errors="0" timestamp="2022-09-19T16:28:21 IST" skipped="0">
  <testcase classname="SignInScript" name="sign" time="10.685"/>
  <system-out/>
  <testcase classname="SignInScript" name="sign" time="11.539"/>
  <system-out/>
  <testcase classname="SignInScript" name="sign" time="10.619"/>
  <system-out/>
  <testcase classname="SignInScript" name="sign" time="17.289"/>
  <system-out/>
</testsuite> <!-- SignInScript -->
