<?xml version="1.0" encoding="UTF-8"?>
<!-- Generated by org.testng.reporters.JUnitReportReporter -->
<testsuite hostname="QT-INBG-LT0222" failures="0" tests="1" name="Order" time="8.232" errors="0" timestamp="2022-09-19T16:34:45 IST" skipped="0">
  <testcase classname="Order" name="odr" time="8.232"/>
  <system-out/>
</testsuite> <!-- Order -->
